Program (1)
	ExtDefList (1)
		ExtDef (1)
			Specifier (1)
				TYPE (1)
			ExtDecList (1)
				VarDec (1)
					ID: f
				COMMA (1)
				ExtDecList (1)
					VarDec (1)
						VarDec (1)
							ID: m
						LB (1)
						INT: 6
						RB (1)
			SEMI (1)
		ExtDefList (3)
			ExtDef (3)
				Specifier (3)
					StructSpecifier (3)
						STRUCT (3)
						OptTag (3)
							ID: ms
						LC (3)
						DefList (4)
							Def (4)
								Specifier (4)
									TYPE (4)
								DecList (4)
									Dec (4)
										VarDec (4)
											ID: kk
								SEMI (4)
							DefList (5)
						RC (5)
				ExtDecList (5)
					VarDec (5)
						ID: ms
				SEMI (5)
			ExtDefList (7)
				ExtDef (7)
					Specifier (7)
						TYPE (7)
					FunDec (7)
						ID: main
						LP (7)
						RP (7)
					CompSt (7)
						LC (7)
						DefList (8)
							Def (8)
								Specifier (8)
									TYPE (8)
								DecList (8)
									Dec (8)
										VarDec (8)
											VarDec (8)
												ID: q
											LB (8)
											INT: 10
											RB (8)
								SEMI (8)
							DefList (9)
						StmtList (9)
							Stmt (9)
								Exp (9)
									Exp (9)
										ID: i
									ASSIGNOP (9)
									Exp (9)
										INT: 3
								SEMI (9)
							StmtList (10)
								Stmt (10)
									Exp (10)
										Exp (10)
											Exp (10)
												ID: ms
											DOT (10)
											ID: kk
										ASSIGNOP (10)
										Exp (10)
											Exp (10)
												ID: i
											AND (10)
											Exp (10)
												ID: fun
												LP (10)
												RP (10)
									SEMI (10)
								StmtList (11)
						RC (11)
				ExtDefList (13)
					ExtDef (13)
						Specifier (13)
							TYPE (13)
						FunDec (13)
							ID: fun
							LP (13)
							VarList (13)
								ParamDec (13)
									Specifier (13)
										TYPE (13)
									VarDec (13)
										ID: a
								COMMA (13)
								VarList (13)
									ParamDec (13)
										Specifier (13)
											TYPE (13)
										VarDec (13)
											VarDec (13)
												ID: f
											LB (13)
											INT: 2
											RB (13)
							RP (13)
						CompSt (13)
							LC (13)
							DefList (14)
							StmtList (14)
								Stmt (14)
									IF (14)
									LP (14)
									Exp (14)
										Exp (14)
											Exp (14)
												ID: i
											MINUS (14)
											Exp (14)
												INT: 2
										RELOP (14)
										Exp (14)
											INT: 1
									RP (14)
									Stmt (14)
										CompSt (14)
											LC (14)
											DefList (15)
											StmtList (15)
												Stmt (15)
													Exp (15)
														Exp (15)
															Exp (15)
																ID: q
															LB (15)
															Exp (15)
																INT: 1
															RB (15)
														ASSIGNOP (15)
														Exp (15)
															Exp (15)
																ID: i
															PLUS (15)
															Exp (15)
																Exp (15)
																	ID: ms
																DOT (15)
																ID: kk
													SEMI (15)
												StmtList (16)
											RC (16)
								StmtList (17)
							RC (17)
					ExtDefList (18)
